\BOOKMARK [1][-]{section.1}{\376\377\004\022\004\062\004\065\004\064\004\065\004\075\004\070\004\065}{}% 1
\BOOKMARK [1][-]{section.2}{\376\377\004\037\004\076\004\101\004\102\004\060\004\075\004\076\004\062\004\072\004\060\000\040\004\067\004\060\004\064\004\060\004\107\004\070}{}% 2
\BOOKMARK [1][-]{section.3}{\376\377\004\020\004\077\004\077\004\060\004\100\004\060\004\102\004\075\004\076\000\040\004\077\004\100\004\076\004\063\004\100\004\060\004\074\004\074\004\075\004\060\004\117\000\040\004\077\004\073\004\060\004\102\004\104\004\076\004\100\004\074\004\060\000\040\000N\000v\000i\000d\000i\000a\000\040\000C\000U\000D\000A}{}% 3
\BOOKMARK [2][-]{subsection.3.1}{\376\377\004\020\004\100\004\105\004\070\004\102\004\065\004\072\004\102\004\103\004\100\004\060\000\040\000N\000v\000i\000d\000i\000a\000\040\000C\000U\000D\000A}{section.3}% 4
\BOOKMARK [3][-]{subsubsection.3.1.1}{\376\377\004\020\004\100\004\105\004\070\004\102\004\065\004\072\004\102\004\103\004\100\004\060\000\040\000B\000l\000a\000c\000k\000w\000e\000l\000l\000\040\000\050\004\074\004\060\004\100\004\102\000\040\0002\0000\0002\0004\000\051}{subsection.3.1}% 5
\BOOKMARK [3][-]{subsubsection.3.1.2}{\376\377\004\020\004\100\004\105\004\070\004\102\004\065\004\072\004\102\004\103\004\100\004\060\000\040\000H\000o\000p\000p\000e\000r\000\040\000\050\004\074\004\060\004\100\004\102\000\040\0002\0000\0002\0002\000\051}{subsection.3.1}% 6
\BOOKMARK [3][-]{subsubsection.3.1.3}{\376\377\004\020\004\100\004\105\004\070\004\102\004\065\004\072\004\102\004\103\004\100\004\060\000\040\004\020\004\064\004\113\000\040\004\033\004\060\004\062\004\073\004\065\004\071\004\101\000\040\000\050\004\101\004\065\004\075\004\102\004\117\004\061\004\100\004\114\000\040\0002\0000\0002\0002\000\051}{subsection.3.1}% 7
\BOOKMARK [3][-]{subsubsection.3.1.4}{\376\377\004\020\004\100\004\105\004\070\004\102\004\065\004\072\004\102\004\103\004\100\004\060\000\040\000A\000m\000p\000e\000r\000e\000\040\000\050\0002\0000\0002\0000\000\051}{subsection.3.1}% 8
\BOOKMARK [3][-]{subsubsection.3.1.5}{\376\377\004\020\004\100\004\105\004\070\004\102\004\065\004\072\004\102\004\103\004\100\004\060\000\040\000P\000a\000s\000c\000a\000l\000\040\000\050\0002\0000\0001\0006\000\051}{subsection.3.1}% 9
\BOOKMARK [3][-]{subsubsection.3.1.6}{\376\377\004\020\004\100\004\105\004\070\004\102\004\065\004\072\004\102\004\103\004\100\004\060\000\040\000M\000a\000x\000w\000e\000l\000l\000\040\000\050\0002\0000\0001\0004\000\051}{subsection.3.1}% 10
\BOOKMARK [3][-]{subsubsection.3.1.7}{\376\377\004\020\004\100\004\105\004\070\004\102\004\065\004\072\004\102\004\103\004\100\004\060\000\040\000T\000e\000s\000l\000a\000\040\000\050\0002\0000\0000\0006\000\051}{subsection.3.1}% 11
\BOOKMARK [2][-]{subsection.3.2}{\376\377\004\022\004\113\004\107\004\070\004\101\004\073\004\070\004\102\004\065\004\073\004\114\004\075\004\113\004\065\000\040\004\062\004\076\004\067\004\074\004\076\004\066\004\075\004\076\004\101\004\102\004\070\000\040\000N\000v\000i\000d\000i\000a\000\040\000C\000U\000D\000A}{section.3}% 12
\BOOKMARK [2][-]{subsection.3.3}{\376\377\004\037\004\076\004\102\004\076\004\072\004\076\004\062\004\060\004\117\000\040\004\074\004\076\004\064\004\065\004\073\004\114}{section.3}% 13
\BOOKMARK [2][-]{subsection.3.4}{\376\377\004\043\004\101\004\102\004\100\004\076\004\071\004\101\004\102\004\062\004\076\000\040\004\077\004\060\004\074\004\117\004\102\004\070}{section.3}% 14
\BOOKMARK [2][-]{subsection.3.5}{\376\377\004\034\004\076\004\064\004\065\004\073\004\070\000\040\004\077\004\060\004\074\004\117\004\102\004\070}{section.3}% 15
\BOOKMARK [2][-]{subsection.3.6}{\376\377\004\034\004\076\004\064\004\065\004\073\004\114\000\040\004\062\004\113\004\107\004\070\004\101\004\073\004\065\004\075\004\070\004\071\000\040\004\075\004\060\000\040\000G\000P\000U}{section.3}% 16
\BOOKMARK [2][-]{subsection.3.7}{\376\377\004\032\004\076\004\074\004\077\004\070\004\073\004\117\004\106\004\070\004\117\000\040\004\077\004\100\004\076\004\063\004\100\004\060\004\074\004\074\004\113}{section.3}% 17
\BOOKMARK [2][-]{subsection.3.8}{\376\377\004\037\004\073\004\060\004\075\004\070\004\100\004\076\004\062\004\111\004\070\004\072\000\040\004\067\004\060\004\064\004\060\004\107}{section.3}% 18
\BOOKMARK [1][-]{section.4}{\376\377\004\041\004\103\004\077\004\065\004\100\004\072\004\076\004\074\004\077\004\114\004\116\004\102\004\065\004\100\004\075\004\113\004\071\000\040\004\106\004\065\004\075\004\102\004\100\000\040\000<\000<\004\037\004\076\004\073\004\070\004\102\004\065\004\105\004\075\004\070\004\107\004\065\004\101\004\072\004\070\004\071\000>\000>}{}% 19
\BOOKMARK [2][-]{subsection.4.1}{\376\377\004\041\004\076\004\101\004\102\004\060\004\062}{section.4}% 20
\BOOKMARK [2][-]{subsection.4.2}{\376\377\004\045\004\060\004\100\004\060\004\072\004\102\004\065\004\100\004\070\004\101\004\102\004\070\004\072\004\070}{section.4}% 21
\BOOKMARK [2][-]{subsection.4.3}{\376\377\004\042\004\065\004\105\004\075\004\076\004\073\004\076\004\063\004\070\004\117\000\040\004\077\004\076\004\064\004\072\004\073\004\116\004\107\004\065\004\075\004\070\004\117}{section.4}% 22
\BOOKMARK [1][-]{section.5}{\376\377\004\037\004\076\004\101\004\102\004\060\004\075\004\076\004\062\004\072\004\060\000\040\004\100\004\065\004\110\004\060\004\065\004\074\004\076\004\071\000\040\004\067\004\060\004\064\004\060\004\107\004\070}{}% 23
\BOOKMARK [1][-]{section.6}{\376\377\004\020\004\073\004\063\004\076\004\100\004\070\004\102\004\074\000\040\004\100\004\065\004\110\004\065\004\075\004\070\004\117\000\040\004\067\004\060\004\064\004\060\004\107\004\070}{}% 24
\BOOKMARK [2][-]{subsection.6.1}{\376\377\004\023\004\073\004\076\004\061\004\060\004\073\004\114\004\075\004\060\004\117\000\040\004\077\004\060\004\074\004\117\004\102\004\114}{section.6}% 25
\BOOKMARK [2][-]{subsection.6.2}{\376\377\004\040\004\060\004\067\004\064\004\065\004\073\004\117\004\065\004\074\004\060\004\117\000\040\004\077\004\060\004\074\004\117\004\102\004\114}{section.6}% 26
\BOOKMARK [1][-]{section.7}{\376\377\004\036\004\077\004\070\004\101\004\060\004\075\004\070\004\065\000\040\004\115\004\072\004\101\004\077\004\065\004\100\004\070\004\074\004\065\004\075\004\102\004\060}{}% 27
\BOOKMARK [1][-]{section.8}{\376\377\004\020\004\075\004\060\004\073\004\070\004\067\000\040\004\100\004\065\004\067\004\103\004\073\004\114\004\102\004\060\004\102\004\076\004\062}{}% 28
\BOOKMARK [1][-]{table.caption.18}{\376\377\004\027\004\060\004\072\004\073\004\116\004\107\004\065\004\075\004\070\004\065}{}% 29
